[companyA] I am obliged to commit to install_plumbing on bhsch... doing so
[companyD12] I am obliged to commit to prepare_site on bhsch... doing so
[companyE] I am obliged to commit to build_roof on bhsch... doing so
[companyE] I am obliged to commit to lay_floors on bhsch... doing so
[companyE] I am obliged to commit to build_walls on bhsch... doing so
[giacomo] I am obliged to commit to management_of_house_building on bhsch... doing so
[giacomo] I am obliged to commit to pay_int_painting on bhsch... doing so
[giacomo] I am obliged to commit to pay_ext_painting on bhsch... doing so
[giacomo] I am obliged to commit to pay_walls on bhsch... doing so
[giacomo] I am obliged to commit to pay_roof on bhsch... doing so
[giacomo] I am obliged to commit to pay_site_prep on bhsch... doing so
[companyD4] I am obliged to commit to paint_interior on bhsch... doing so
[giacomo] I am obliged to commit to pay_lay_floors on bhsch... doing so
[companyD4] I am obliged to commit to paint_exterior on bhsch... doing so
[giacomo] I am obliged to commit to pay_plumbing on bhsch... doing so
[giacomo] I am obliged to commit to pay_electrical_system on bhsch... doing so
[giacomo] I am obliged to commit to pay_windows_doors on bhsch... doing so
[companyC2] I am obliged to commit to fit_windows on bhsch... doing so
[companyC3] I am obliged to commit to install_electrical_system on bhsch... doing so
[companyC2] I am obliged to commit to fit_doors on bhsch... doing so
